This is pdfTeX, Version 3.14159265-2.6-1.40.17 (MiKTeX 2.9) (preloaded format=pdflatex 2016.10.4)  22 MAY 2017 11:16
entering extended mode
**"./Appunti di LAS.tex"
("Appunti di LAS.tex"
LaTeX2e <2016/03/31> patch level 3
Babel <3.9r> and hyphenation patterns for 75 language(s) loaded.
("C:\Program Files (x86)\MiKTeX 2.9\tex\latex\base\report.cls"
Document Class: report 2014/09/29 v1.4h Standard LaTeX document class
("C:\Program Files (x86)\MiKTeX 2.9\tex\latex\base\size10.clo"
File: size10.clo 2014/09/29 v1.4h Standard LaTeX file (size option)
)
\c@part=\count79
\c@chapter=\count80
\c@section=\count81
\c@subsection=\count82
\c@subsubsection=\count83
\c@paragraph=\count84
\c@subparagraph=\count85
\c@figure=\count86
\c@table=\count87
\abovecaptionskip=\skip41
\belowcaptionskip=\skip42
\bibindent=\dimen102
)
("C:\Program Files (x86)\MiKTeX 2.9\tex\latex\graphics\graphicx.sty"
Package: graphicx 2014/10/28 v1.0g Enhanced LaTeX Graphics (DPC,SPQR)

("C:\Program Files (x86)\MiKTeX 2.9\tex\latex\graphics\keyval.sty"
Package: keyval 2014/10/28 v1.15 key=value parser (DPC)
\KV@toks@=\toks14
)
("C:\Program Files (x86)\MiKTeX 2.9\tex\latex\graphics\graphics.sty"
Package: graphics 2016/07/10 v1.0t Standard LaTeX Graphics (DPC,SPQR)

("C:\Program Files (x86)\MiKTeX 2.9\tex\latex\graphics\trig.sty"
Package: trig 2016/01/03 v1.10 sin cos tan (DPC)
)
("C:\Program Files (x86)\MiKTeX 2.9\tex\latex\00miktex\graphics.cfg"
File: graphics.cfg 2016/06/04 v1.11 sample graphics configuration
)
Package graphics Info: Driver file: pdftex.def on input line 99.

("C:\Program Files (x86)\MiKTeX 2.9\tex\latex\graphics-def\pdftex.def"
File: pdftex.def 2016/07/10 v0.06j Graphics/color for pdfTeX

("C:\Program Files (x86)\MiKTeX 2.9\tex\generic\oberdiek\infwarerr.sty"
Package: infwarerr 2016/05/16 v1.4 Providing info/warning/error messages (HO)
)
("C:\Program Files (x86)\MiKTeX 2.9\tex\generic\oberdiek\ltxcmds.sty"
Package: ltxcmds 2016/05/16 v1.23 LaTeX kernel commands for general use (HO)
)
\Gread@gobject=\count88
))
\Gin@req@height=\dimen103
\Gin@req@width=\dimen104
)
("C:\Program Files (x86)\MiKTeX 2.9\tex\latex\hyperref\hyperref.sty"
Package: hyperref 2016/06/24 v6.83q Hypertext links for LaTeX

("C:\Program Files (x86)\MiKTeX 2.9\tex\generic\oberdiek\hobsub-hyperref.sty"
Package: hobsub-hyperref 2016/05/16 v1.14 Bundle oberdiek, subset hyperref (HO)


("C:\Program Files (x86)\MiKTeX 2.9\tex\generic\oberdiek\hobsub-generic.sty"
Package: hobsub-generic 2016/05/16 v1.14 Bundle oberdiek, subset generic (HO)
Package: hobsub 2016/05/16 v1.14 Construct package bundles (HO)
Package hobsub Info: Skipping package `infwarerr' (already loaded).
Package hobsub Info: Skipping package `ltxcmds' (already loaded).
Package: ifluatex 2016/05/16 v1.4 Provides the ifluatex switch (HO)
Package ifluatex Info: LuaTeX not detected.
Package: ifvtex 2016/05/16 v1.6 Detect VTeX and its facilities (HO)
Package ifvtex Info: VTeX not detected.
Package: intcalc 2016/05/16 v1.2 Expandable calculations with integers (HO)
Package: ifpdf 2016/05/14 v3.1 Provides the ifpdf switch
Package: etexcmds 2016/05/16 v1.6 Avoid name clashes with e-TeX commands (HO)
Package etexcmds Info: Could not find \expanded.
(etexcmds)             That can mean that you are not using pdfTeX 1.50 or
(etexcmds)             that some package has redefined \expanded.
(etexcmds)             In the latter case, load this package earlier.
Package: kvsetkeys 2016/05/16 v1.17 Key value parser (HO)
Package: kvdefinekeys 2016/05/16 v1.4 Define keys (HO)
Package: pdftexcmds 2016/05/21 v0.22 Utility functions of pdfTeX for LuaTeX (HO
)
Package pdftexcmds Info: LuaTeX not detected.
Package pdftexcmds Info: \pdf@primitive is available.
Package pdftexcmds Info: \pdf@ifprimitive is available.
Package pdftexcmds Info: \pdfdraftmode found.
Package: pdfescape 2016/05/16 v1.14 Implements pdfTeX's escape features (HO)
Package: bigintcalc 2016/05/16 v1.4 Expandable calculations on big integers (HO
)
Package: bitset 2016/05/16 v1.2 Handle bit-vector datatype (HO)
Package: uniquecounter 2016/05/16 v1.3 Provide unlimited unique counter (HO)
)
Package hobsub Info: Skipping package `hobsub' (already loaded).
Package: letltxmacro 2016/05/16 v1.5 Let assignment for LaTeX macros (HO)
Package: hopatch 2016/05/16 v1.3 Wrapper for package hooks (HO)
Package: xcolor-patch 2016/05/16 xcolor patch
Package: atveryend 2016/05/16 v1.9 Hooks at the very end of document (HO)
Package atveryend Info: \enddocument detected (standard20110627).
Package: atbegshi 2016/06/09 v1.18 At begin shipout hook (HO)
Package: refcount 2016/05/16 v3.5 Data extraction from label references (HO)
Package: hycolor 2016/05/16 v1.8 Color options for hyperref/bookmark (HO)
)
("C:\Program Files (x86)\MiKTeX 2.9\tex\generic\ifxetex\ifxetex.sty"
Package: ifxetex 2010/09/12 v0.6 Provides ifxetex conditional
)
("C:\Program Files (x86)\MiKTeX 2.9\tex\latex\oberdiek\auxhook.sty"
Package: auxhook 2016/05/16 v1.4 Hooks for auxiliary files (HO)
)
("C:\Program Files (x86)\MiKTeX 2.9\tex\latex\oberdiek\kvoptions.sty"
Package: kvoptions 2016/05/16 v3.12 Key value format for package options (HO)
)
\@linkdim=\dimen105
\Hy@linkcounter=\count89
\Hy@pagecounter=\count90

("C:\Program Files (x86)\MiKTeX 2.9\tex\latex\hyperref\pd1enc.def"
File: pd1enc.def 2016/06/24 v6.83q Hyperref: PDFDocEncoding definition (HO)
)
\Hy@SavedSpaceFactor=\count91

("C:\Program Files (x86)\MiKTeX 2.9\tex\latex\00miktex\hyperref.cfg"
File: hyperref.cfg 2002/06/06 v1.2 hyperref configuration of TeXLive
)
Package hyperref Info: Option `linktocpage' set `true' on input line 4362.
Package hyperref Info: Hyper figures OFF on input line 4486.
Package hyperref Info: Link nesting OFF on input line 4491.
Package hyperref Info: Hyper index ON on input line 4494.
Package hyperref Info: Plain pages OFF on input line 4501.
Package hyperref Info: Backreferencing OFF on input line 4506.
Package hyperref Info: Implicit mode ON; LaTeX internals redefined.
Package hyperref Info: Bookmarks ON on input line 4735.
\c@Hy@tempcnt=\count92

(C:\Users\valdemar\AppData\Roaming\MiKTeX\2.9\tex\latex\url\url.sty
\Urlmuskip=\muskip10
Package: url 2013/09/16  ver 3.4  Verb mode for urls, etc.
)
LaTeX Info: Redefining \url on input line 5088.
\XeTeXLinkMargin=\dimen106
\Fld@menulength=\count93
\Field@Width=\dimen107
\Fld@charsize=\dimen108
Package hyperref Info: Hyper figures OFF on input line 6342.
Package hyperref Info: Link nesting OFF on input line 6347.
Package hyperref Info: Hyper index ON on input line 6350.
Package hyperref Info: backreferencing OFF on input line 6357.
Package hyperref Info: Link coloring OFF on input line 6362.
Package hyperref Info: Link coloring with OCG OFF on input line 6367.
Package hyperref Info: PDF/A mode OFF on input line 6372.
LaTeX Info: Redefining \ref on input line 6412.
LaTeX Info: Redefining \pageref on input line 6416.
\Hy@abspage=\count94
\c@Item=\count95
\c@Hfootnote=\count96
)

Package hyperref Message: Driver (autodetected): hpdftex.

("C:\Program Files (x86)\MiKTeX 2.9\tex\latex\hyperref\hpdftex.def"
File: hpdftex.def 2016/06/24 v6.83q Hyperref driver for pdfTeX
\Fld@listcount=\count97
\c@bookmark@seq@number=\count98

("C:\Program Files (x86)\MiKTeX 2.9\tex\latex\oberdiek\rerunfilecheck.sty"
Package: rerunfilecheck 2016/05/16 v1.8 Rerun checks for auxiliary files (HO)
Package uniquecounter Info: New unique counter `rerunfilecheck' on input line 2
82.
)
\Hy@SectionHShift=\skip43
)
("C:\Program Files (x86)\MiKTeX 2.9\tex\latex\base\inputenc.sty"
Package: inputenc 2015/03/17 v1.2c Input encoding file
\inpenc@prehook=\toks15
\inpenc@posthook=\toks16

("C:\Program Files (x86)\MiKTeX 2.9\tex\latex\base\utf8.def"
File: utf8.def 2016/02/28 v1.1s UTF-8 support for inputenc
Now handling font encoding OML ...
... no UTF-8 mapping file for font encoding OML
Now handling font encoding T1 ...
... processing UTF-8 mapping file for font encoding T1

("C:\Program Files (x86)\MiKTeX 2.9\tex\latex\base\t1enc.dfu"
File: t1enc.dfu 2016/02/28 v1.1s UTF-8 support for inputenc
   defining Unicode char U+00A0 (decimal 160)
   defining Unicode char U+00A1 (decimal 161)
   defining Unicode char U+00A3 (decimal 163)
   defining Unicode char U+00AB (decimal 171)
   defining Unicode char U+00AD (decimal 173)
   defining Unicode char U+00BB (decimal 187)
   defining Unicode char U+00BF (decimal 191)
   defining Unicode char U+00C0 (decimal 192)
   defining Unicode char U+00C1 (decimal 193)
   defining Unicode char U+00C2 (decimal 194)
   defining Unicode char U+00C3 (decimal 195)
   defining Unicode char U+00C4 (decimal 196)
   defining Unicode char U+00C5 (decimal 197)
   defining Unicode char U+00C6 (decimal 198)
   defining Unicode char U+00C7 (decimal 199)
   defining Unicode char U+00C8 (decimal 200)
   defining Unicode char U+00C9 (decimal 201)
   defining Unicode char U+00CA (decimal 202)
   defining Unicode char U+00CB (decimal 203)
   defining Unicode char U+00CC (decimal 204)
   defining Unicode char U+00CD (decimal 205)
   defining Unicode char U+00CE (decimal 206)
   defining Unicode char U+00CF (decimal 207)
   defining Unicode char U+00D0 (decimal 208)
   defining Unicode char U+00D1 (decimal 209)
   defining Unicode char U+00D2 (decimal 210)
   defining Unicode char U+00D3 (decimal 211)
   defining Unicode char U+00D4 (decimal 212)
   defining Unicode char U+00D5 (decimal 213)
   defining Unicode char U+00D6 (decimal 214)
   defining Unicode char U+00D8 (decimal 216)
   defining Unicode char U+00D9 (decimal 217)
   defining Unicode char U+00DA (decimal 218)
   defining Unicode char U+00DB (decimal 219)
   defining Unicode char U+00DC (decimal 220)
   defining Unicode char U+00DD (decimal 221)
   defining Unicode char U+00DE (decimal 222)
   defining Unicode char U+00DF (decimal 223)
   defining Unicode char U+00E0 (decimal 224)
   defining Unicode char U+00E1 (decimal 225)
   defining Unicode char U+00E2 (decimal 226)
   defining Unicode char U+00E3 (decimal 227)
   defining Unicode char U+00E4 (decimal 228)
   defining Unicode char U+00E5 (decimal 229)
   defining Unicode char U+00E6 (decimal 230)
   defining Unicode char U+00E7 (decimal 231)
   defining Unicode char U+00E8 (decimal 232)
   defining Unicode char U+00E9 (decimal 233)
   defining Unicode char U+00EA (decimal 234)
   defining Unicode char U+00EB (decimal 235)
   defining Unicode char U+00EC (decimal 236)
   defining Unicode char U+00ED (decimal 237)
   defining Unicode char U+00EE (decimal 238)
   defining Unicode char U+00EF (decimal 239)
   defining Unicode char U+00F0 (decimal 240)
   defining Unicode char U+00F1 (decimal 241)
   defining Unicode char U+00F2 (decimal 242)
   defining Unicode char U+00F3 (decimal 243)
   defining Unicode char U+00F4 (decimal 244)
   defining Unicode char U+00F5 (decimal 245)
   defining Unicode char U+00F6 (decimal 246)
   defining Unicode char U+00F8 (decimal 248)
   defining Unicode char U+00F9 (decimal 249)
   defining Unicode char U+00FA (decimal 250)
   defining Unicode char U+00FB (decimal 251)
   defining Unicode char U+00FC (decimal 252)
   defining Unicode char U+00FD (decimal 253)
   defining Unicode char U+00FE (decimal 254)
   defining Unicode char U+00FF (decimal 255)
   defining Unicode char U+0100 (decimal 256)
   defining Unicode char U+0101 (decimal 257)
   defining Unicode char U+0102 (decimal 258)
   defining Unicode char U+0103 (decimal 259)
   defining Unicode char U+0104 (decimal 260)
   defining Unicode char U+0105 (decimal 261)
   defining Unicode char U+0106 (decimal 262)
   defining Unicode char U+0107 (decimal 263)
   defining Unicode char U+0108 (decimal 264)
   defining Unicode char U+0109 (decimal 265)
   defining Unicode char U+010A (decimal 266)
   defining Unicode char U+010B (decimal 267)
   defining Unicode char U+010C (decimal 268)
   defining Unicode char U+010D (decimal 269)
   defining Unicode char U+010E (decimal 270)
   defining Unicode char U+010F (decimal 271)
   defining Unicode char U+0110 (decimal 272)
   defining Unicode char U+0111 (decimal 273)
   defining Unicode char U+0112 (decimal 274)
   defining Unicode char U+0113 (decimal 275)
   defining Unicode char U+0114 (decimal 276)
   defining Unicode char U+0115 (decimal 277)
   defining Unicode char U+0116 (decimal 278)
   defining Unicode char U+0117 (decimal 279)
   defining Unicode char U+0118 (decimal 280)
   defining Unicode char U+0119 (decimal 281)
   defining Unicode char U+011A (decimal 282)
   defining Unicode char U+011B (decimal 283)
   defining Unicode char U+011C (decimal 284)
   defining Unicode char U+011D (decimal 285)
   defining Unicode char U+011E (decimal 286)
   defining Unicode char U+011F (decimal 287)
   defining Unicode char U+0120 (decimal 288)
   defining Unicode char U+0121 (decimal 289)
   defining Unicode char U+0122 (decimal 290)
   defining Unicode char U+0123 (decimal 291)
   defining Unicode char U+0124 (decimal 292)
   defining Unicode char U+0125 (decimal 293)
   defining Unicode char U+0128 (decimal 296)
   defining Unicode char U+0129 (decimal 297)
   defining Unicode char U+012A (decimal 298)
   defining Unicode char U+012B (decimal 299)
   defining Unicode char U+012C (decimal 300)
   defining Unicode char U+012D (decimal 301)
   defining Unicode char U+012E (decimal 302)
   defining Unicode char U+012F (decimal 303)
   defining Unicode char U+0130 (decimal 304)
   defining Unicode char U+0131 (decimal 305)
   defining Unicode char U+0132 (decimal 306)
   defining Unicode char U+0133 (decimal 307)
   defining Unicode char U+0134 (decimal 308)
   defining Unicode char U+0135 (decimal 309)
   defining Unicode char U+0136 (decimal 310)
   defining Unicode char U+0137 (decimal 311)
   defining Unicode char U+0139 (decimal 313)
   defining Unicode char U+013A (decimal 314)
   defining Unicode char U+013B (decimal 315)
   defining Unicode char U+013C (decimal 316)
   defining Unicode char U+013D (decimal 317)
   defining Unicode char U+013E (decimal 318)
   defining Unicode char U+0141 (decimal 321)
   defining Unicode char U+0142 (decimal 322)
   defining Unicode char U+0143 (decimal 323)
   defining Unicode char U+0144 (decimal 324)
   defining Unicode char U+0145 (decimal 325)
   defining Unicode char U+0146 (decimal 326)
   defining Unicode char U+0147 (decimal 327)
   defining Unicode char U+0148 (decimal 328)
   defining Unicode char U+014A (decimal 330)
   defining Unicode char U+014B (decimal 331)
   defining Unicode char U+014C (decimal 332)
   defining Unicode char U+014D (decimal 333)
   defining Unicode char U+014E (decimal 334)
   defining Unicode char U+014F (decimal 335)
   defining Unicode char U+0150 (decimal 336)
   defining Unicode char U+0151 (decimal 337)
   defining Unicode char U+0152 (decimal 338)
   defining Unicode char U+0153 (decimal 339)
   defining Unicode char U+0154 (decimal 340)
   defining Unicode char U+0155 (decimal 341)
   defining Unicode char U+0156 (decimal 342)
   defining Unicode char U+0157 (decimal 343)
   defining Unicode char U+0158 (decimal 344)
   defining Unicode char U+0159 (decimal 345)
   defining Unicode char U+015A (decimal 346)
   defining Unicode char U+015B (decimal 347)
   defining Unicode char U+015C (decimal 348)
   defining Unicode char U+015D (decimal 349)
   defining Unicode char U+015E (decimal 350)
   defining Unicode char U+015F (decimal 351)
   defining Unicode char U+0160 (decimal 352)
   defining Unicode char U+0161 (decimal 353)
   defining Unicode char U+0162 (decimal 354)
   defining Unicode char U+0163 (decimal 355)
   defining Unicode char U+0164 (decimal 356)
   defining Unicode char U+0165 (decimal 357)
   defining Unicode char U+0168 (decimal 360)
   defining Unicode char U+0169 (decimal 361)
   defining Unicode char U+016A (decimal 362)
   defining Unicode char U+016B (decimal 363)
   defining Unicode char U+016C (decimal 364)
   defining Unicode char U+016D (decimal 365)
   defining Unicode char U+016E (decimal 366)
   defining Unicode char U+016F (decimal 367)
   defining Unicode char U+0170 (decimal 368)
   defining Unicode char U+0171 (decimal 369)
   defining Unicode char U+0172 (decimal 370)
   defining Unicode char U+0173 (decimal 371)
   defining Unicode char U+0174 (decimal 372)
   defining Unicode char U+0175 (decimal 373)
   defining Unicode char U+0176 (decimal 374)
   defining Unicode char U+0177 (decimal 375)
   defining Unicode char U+0178 (decimal 376)
   defining Unicode char U+0179 (decimal 377)
   defining Unicode char U+017A (decimal 378)
   defining Unicode char U+017B (decimal 379)
   defining Unicode char U+017C (decimal 380)
   defining Unicode char U+017D (decimal 381)
   defining Unicode char U+017E (decimal 382)
   defining Unicode char U+01CD (decimal 461)
   defining Unicode char U+01CE (decimal 462)
   defining Unicode char U+01CF (decimal 463)
   defining Unicode char U+01D0 (decimal 464)
   defining Unicode char U+01D1 (decimal 465)
   defining Unicode char U+01D2 (decimal 466)
   defining Unicode char U+01D3 (decimal 467)
   defining Unicode char U+01D4 (decimal 468)
   defining Unicode char U+01E2 (decimal 482)
   defining Unicode char U+01E3 (decimal 483)
   defining Unicode char U+01E6 (decimal 486)
   defining Unicode char U+01E7 (decimal 487)
   defining Unicode char U+01E8 (decimal 488)
   defining Unicode char U+01E9 (decimal 489)
   defining Unicode char U+01EA (decimal 490)
   defining Unicode char U+01EB (decimal 491)
   defining Unicode char U+01F0 (decimal 496)
   defining Unicode char U+01F4 (decimal 500)
   defining Unicode char U+01F5 (decimal 501)
   defining Unicode char U+0218 (decimal 536)
   defining Unicode char U+0219 (decimal 537)
   defining Unicode char U+021A (decimal 538)
   defining Unicode char U+021B (decimal 539)
   defining Unicode char U+1E02 (decimal 7682)
   defining Unicode char U+1E03 (decimal 7683)
   defining Unicode char U+200C (decimal 8204)
   defining Unicode char U+2010 (decimal 8208)
   defining Unicode char U+2011 (decimal 8209)
   defining Unicode char U+2012 (decimal 8210)
   defining Unicode char U+2013 (decimal 8211)
   defining Unicode char U+2014 (decimal 8212)
   defining Unicode char U+2015 (decimal 8213)
   defining Unicode char U+2018 (decimal 8216)
   defining Unicode char U+2019 (decimal 8217)
   defining Unicode char U+201A (decimal 8218)
   defining Unicode char U+201C (decimal 8220)
   defining Unicode char U+201D (decimal 8221)
   defining Unicode char U+201E (decimal 8222)
   defining Unicode char U+2030 (decimal 8240)
   defining Unicode char U+2031 (decimal 8241)
   defining Unicode char U+2039 (decimal 8249)
   defining Unicode char U+203A (decimal 8250)
   defining Unicode char U+2423 (decimal 9251)
)
Now handling font encoding OT1 ...
... processing UTF-8 mapping file for font encoding OT1

("C:\Program Files (x86)\MiKTeX 2.9\tex\latex\base\ot1enc.dfu"
File: ot1enc.dfu 2016/02/28 v1.1s UTF-8 support for inputenc
   defining Unicode char U+00A0 (decimal 160)
   defining Unicode char U+00A1 (decimal 161)
   defining Unicode char U+00A3 (decimal 163)
   defining Unicode char U+00AD (decimal 173)
   defining Unicode char U+00B8 (decimal 184)
   defining Unicode char U+00BF (decimal 191)
   defining Unicode char U+00C5 (decimal 197)
   defining Unicode char U+00C6 (decimal 198)
   defining Unicode char U+00D8 (decimal 216)
   defining Unicode char U+00DF (decimal 223)
   defining Unicode char U+00E6 (decimal 230)
   defining Unicode char U+00EC (decimal 236)
   defining Unicode char U+00ED (decimal 237)
   defining Unicode char U+00EE (decimal 238)
   defining Unicode char U+00EF (decimal 239)
   defining Unicode char U+00F8 (decimal 248)
   defining Unicode char U+0131 (decimal 305)
   defining Unicode char U+0141 (decimal 321)
   defining Unicode char U+0142 (decimal 322)
   defining Unicode char U+0152 (decimal 338)
   defining Unicode char U+0153 (decimal 339)
   defining Unicode char U+0174 (decimal 372)
   defining Unicode char U+0175 (decimal 373)
   defining Unicode char U+0176 (decimal 374)
   defining Unicode char U+0177 (decimal 375)
   defining Unicode char U+0218 (decimal 536)
   defining Unicode char U+0219 (decimal 537)
   defining Unicode char U+021A (decimal 538)
   defining Unicode char U+021B (decimal 539)
   defining Unicode char U+2013 (decimal 8211)
   defining Unicode char U+2014 (decimal 8212)
   defining Unicode char U+2018 (decimal 8216)
   defining Unicode char U+2019 (decimal 8217)
   defining Unicode char U+201C (decimal 8220)
   defining Unicode char U+201D (decimal 8221)
)
Now handling font encoding OMS ...
... processing UTF-8 mapping file for font encoding OMS

("C:\Program Files (x86)\MiKTeX 2.9\tex\latex\base\omsenc.dfu"
File: omsenc.dfu 2016/02/28 v1.1s UTF-8 support for inputenc
   defining Unicode char U+00A7 (decimal 167)
   defining Unicode char U+00B6 (decimal 182)
   defining Unicode char U+00B7 (decimal 183)
   defining Unicode char U+2020 (decimal 8224)
   defining Unicode char U+2021 (decimal 8225)
   defining Unicode char U+2022 (decimal 8226)
)
Now handling font encoding OMX ...
... no UTF-8 mapping file for font encoding OMX
Now handling font encoding U ...
... no UTF-8 mapping file for font encoding U
Now handling font encoding PD1 ...
... no UTF-8 mapping file for font encoding PD1
   defining Unicode char U+00A9 (decimal 169)
   defining Unicode char U+00AA (decimal 170)
   defining Unicode char U+00AE (decimal 174)
   defining Unicode char U+00BA (decimal 186)
   defining Unicode char U+02C6 (decimal 710)
   defining Unicode char U+02DC (decimal 732)
   defining Unicode char U+200C (decimal 8204)
   defining Unicode char U+2026 (decimal 8230)
   defining Unicode char U+2122 (decimal 8482)
   defining Unicode char U+2423 (decimal 9251)
))
("C:\Program Files (x86)\MiKTeX 2.9\tex\latex\amsmath\amsmath.sty"
Package: amsmath 2016/06/28 v2.15d AMS math features
\@mathmargin=\skip44

For additional information on amsmath, use the `?' option.
("C:\Program Files (x86)\MiKTeX 2.9\tex\latex\amsmath\amstext.sty"
Package: amstext 2000/06/29 v2.01 AMS text

("C:\Program Files (x86)\MiKTeX 2.9\tex\latex\amsmath\amsgen.sty"
File: amsgen.sty 1999/11/30 v2.0 generic functions
\@emptytoks=\toks17
\ex@=\dimen109
))
("C:\Program Files (x86)\MiKTeX 2.9\tex\latex\amsmath\amsbsy.sty"
Package: amsbsy 1999/11/29 v1.2d Bold Symbols
\pmbraise@=\dimen110
)
("C:\Program Files (x86)\MiKTeX 2.9\tex\latex\amsmath\amsopn.sty"
Package: amsopn 2016/03/08 v2.02 operator names
)
\inf@bad=\count99
LaTeX Info: Redefining \frac on input line 199.
\uproot@=\count100
\leftroot@=\count101
LaTeX Info: Redefining \overline on input line 297.
\classnum@=\count102
\DOTSCASE@=\count103
LaTeX Info: Redefining \ldots on input line 394.
LaTeX Info: Redefining \dots on input line 397.
LaTeX Info: Redefining \cdots on input line 518.
\Mathstrutbox@=\box26
\strutbox@=\box27
\big@size=\dimen111
LaTeX Font Info:    Redeclaring font encoding OML on input line 634.
LaTeX Font Info:    Redeclaring font encoding OMS on input line 635.
\macc@depth=\count104
\c@MaxMatrixCols=\count105
\dotsspace@=\muskip11
\c@parentequation=\count106
\dspbrk@lvl=\count107
\tag@help=\toks18
\row@=\count108
\column@=\count109
\maxfields@=\count110
\andhelp@=\toks19
\eqnshift@=\dimen112
\alignsep@=\dimen113
\tagshift@=\dimen114
\tagwidth@=\dimen115
\totwidth@=\dimen116
\lineht@=\dimen117
\@envbody=\toks20
\multlinegap=\skip45
\multlinetaggap=\skip46
\mathdisplay@stack=\toks21
LaTeX Info: Redefining \[ on input line 2739.
LaTeX Info: Redefining \] on input line 2740.
)
("C:\Program Files (x86)\MiKTeX 2.9\tex\latex\jknappen\mathrsfs.sty"
Package: mathrsfs 1996/01/01 Math RSFS package v1.0 (jk)
\symrsfs=\mathgroup4
)
(C:\Users\valdemar\AppData\Roaming\MiKTeX\2.9\tex\latex\esint\esint.sty
Package: esint 
\symlargesymbolsA=\mathgroup5
)
("C:\Program Files (x86)\MiKTeX 2.9\tex\latex\ltxmisc\relsize.sty"
Package: relsize 2003/07/04 ver 3.1
)
("C:\Program Files (x86)\MiKTeX 2.9\tex\generic\babel\babel.sty"
Package: babel 2016/04/23 3.9r The Babel package

*************************************
* Local config file bblopts.cfg used
*
(C:\Users\valdemar\AppData\Roaming\MiKTeX\2.9\tex\latex\arabi\bblopts.cfg
File: bblopts.cfg 2005/09/08 v0.1 add Arabic and Farsi to "declared" options of
 babel
)
(C:\Users\valdemar\AppData\Roaming\MiKTeX\2.9\tex\latex\babel-italian\italian.l
df
Language: italian 2015/03/26 v1.3n Italian support from the babel system
 ("C:\Program Files (x86)\MiKTeX 2.9\tex\generic\babel\babel.def"
File: babel.def 2016/04/23 3.9r Babel common definitions
\babel@savecnt=\count111
\U@D=\dimen118
)
\it@lettering=\count112
\it@doublequoteactive=\count113
\it@ISOcompliance=\count114
))
(C:\Users\valdemar\AppData\Roaming\MiKTeX\2.9\tex\latex\etoolbox\etoolbox.sty
Package: etoolbox 2015/08/02 v2.2a e-TeX tools for LaTeX (JAW)
\etb@tempcnta=\count115
)
("C:\Program Files (x86)\MiKTeX 2.9\tex\latex\amsfonts\amssymb.sty"
Package: amssymb 2013/01/14 v3.01 AMS font symbols

("C:\Program Files (x86)\MiKTeX 2.9\tex\latex\amsfonts\amsfonts.sty"
Package: amsfonts 2013/01/14 v3.01 Basic AMSFonts support
\symAMSa=\mathgroup6
\symAMSb=\mathgroup7
LaTeX Font Info:    Overwriting math alphabet `\mathfrak' in version `bold'
(Font)                  U/euf/m/n --> U/euf/b/n on input line 106.
))
("Appunti di LAS.aux")
\openout1 = `"Appunti di LAS.aux"'.

LaTeX Font Info:    Checking defaults for OML/cmm/m/it on input line 15.
LaTeX Font Info:    ... okay on input line 15.
LaTeX Font Info:    Checking defaults for T1/cmr/m/n on input line 15.
LaTeX Font Info:    ... okay on input line 15.
LaTeX Font Info:    Checking defaults for OT1/cmr/m/n on input line 15.
LaTeX Font Info:    ... okay on input line 15.
LaTeX Font Info:    Checking defaults for OMS/cmsy/m/n on input line 15.
LaTeX Font Info:    ... okay on input line 15.
LaTeX Font Info:    Checking defaults for OMX/cmex/m/n on input line 15.
LaTeX Font Info:    ... okay on input line 15.
LaTeX Font Info:    Checking defaults for U/cmr/m/n on input line 15.
LaTeX Font Info:    ... okay on input line 15.
LaTeX Font Info:    Checking defaults for PD1/pdf/m/n on input line 15.
LaTeX Font Info:    ... okay on input line 15.

(C:\Users\valdemar\AppData\Roaming\MiKTeX\2.9\tex\context\base\supp-pdf.mkii
[Loading MPS to PDF converter (version 2006.09.02).]
\scratchcounter=\count116
\scratchdimen=\dimen119
\scratchbox=\box28
\nofMPsegments=\count117
\nofMParguments=\count118
\everyMPshowfont=\toks22
\MPscratchCnt=\count119
\MPscratchDim=\dimen120
\MPnumerator=\count120
\makeMPintoPDFobject=\count121
\everyMPtoPDFconversion=\toks23
) ("C:\Program Files (x86)\MiKTeX 2.9\tex\latex\oberdiek\epstopdf-base.sty"
Package: epstopdf-base 2016/05/15 v2.6 Base part for package epstopdf

("C:\Program Files (x86)\MiKTeX 2.9\tex\latex\oberdiek\grfext.sty"
Package: grfext 2016/05/16 v1.2 Manage graphics extensions (HO)
)
Package epstopdf-base Info: Redefining graphics rule for `.eps' on input line 4
38.
Package grfext Info: Graphics extension search list:
(grfext)             [.png,.pdf,.jpg,.mps,.jpeg,.jbig2,.jb2,.PNG,.PDF,.JPG,.JPE
G,.JBIG2,.JB2,.eps]
(grfext)             \AppendGraphicsExtensions on input line 456.
)
\AtBeginShipoutBox=\box29
Package hyperref Info: Link coloring OFF on input line 15.

("C:\Program Files (x86)\MiKTeX 2.9\tex\latex\hyperref\nameref.sty"
Package: nameref 2016/05/21 v2.44 Cross-referencing by name of section

("C:\Program Files (x86)\MiKTeX 2.9\tex\generic\oberdiek\gettitlestring.sty"
Package: gettitlestring 2016/05/16 v1.5 Cleanup title references (HO)
)
\c@section@level=\count122
)
LaTeX Info: Redefining \ref on input line 15.
LaTeX Info: Redefining \pageref on input line 15.
LaTeX Info: Redefining \nameref on input line 15.

("Appunti di LAS.out") ("Appunti di LAS.out")
\@outlinefile=\write3
\openout3 = `"Appunti di LAS.out"'.

LaTeX Info: Redefining \it@ocap on input line 15.
LaTeX Info: Redefining \it@ccap on input line 15.


File italian.ldf warning: 
italian.ldf    With OT1 encoding guillemets are poorly faked
italian.ldf    Use T1 encoding
italian.ldf    or specify a font with command \CaporaliFrom
italian.ldf    See the documentation concerning the babel-italian typesetting 
italian.ldf    on input line 15.

LaTeX Font Info:    Try loading font information for U+rsfs on input line 21.
("C:\Program Files (x86)\MiKTeX 2.9\tex\latex\jknappen\ursfs.fd"
File: ursfs.fd 1998/03/24 rsfs font definition file (jk)
)
LaTeX Font Info:    Try loading font information for U+esint on input line 21.

(C:\Users\valdemar\AppData\Roaming\MiKTeX\2.9\tex\latex\esint\uesint.fd
File: uesint.fd 
)
LaTeX Font Info:    Try loading font information for U+msa on input line 21.

("C:\Program Files (x86)\MiKTeX 2.9\tex\latex\amsfonts\umsa.fd"
File: umsa.fd 2013/01/14 v3.01 AMS symbols A
)
LaTeX Font Info:    Try loading font information for U+msb on input line 21.

("C:\Program Files (x86)\MiKTeX 2.9\tex\latex\amsfonts\umsb.fd"
File: umsb.fd 2013/01/14 v3.01 AMS symbols B
)
Overfull \hbox (15.0pt too wide) in paragraph at lines 16--22
[]$[]$ 
 []

[1

{C:/Users/valdemar/AppData/Local/MiKTeX/2.9/pdftex/config/pdftex.map}]
LaTeX Font Info:    Try loading font information for OMS+cmr on input line 25.

("C:\Program Files (x86)\MiKTeX 2.9\tex\latex\base\omscmr.fd"
File: omscmr.fd 2014/09/29 v2.5h Standard LaTeX font definitions
)
LaTeX Font Info:    Font shape `OMS/cmr/m/n' in size <10> not available
(Font)              Font shape `OMS/cmsy/m/n' tried instead on input line 25.

Overfull \hbox (15.0pt too wide) in paragraph at lines 23--31
[]$[]$ 
 []

[2] ("Appunti di LAS.toc")
\tf@toc=\write4
\openout4 = `"Appunti di LAS.toc"'.

 [3

]
Capitolo 1.

Underfull \hbox (badness 10000) in paragraph at lines 35--39

 []

[4

] [5]
Capitolo 2.
<von1.png, id=125, 469.755pt x 407.27156pt>
File: von1.png Graphic file (type png)
 <use von1.png>
Package pdftex.def Info: von1.png used on input line 94.
(pdftex.def)             Requested size: 234.87692pt x 203.63527pt.

<von2.png, id=126, 560.0925pt x 410.2828pt>
File: von2.png Graphic file (type png)
 <use von2.png>
Package pdftex.def Info: von2.png used on input line 95.
(pdftex.def)             Requested size: 280.04556pt x 205.1409pt.
 [6

 <./von1.png> <./von2.png>] [7] [8] <raid0.png, id=146, 372.64218pt x 286.82156
pt>
File: raid0.png Graphic file (type png)

<use raid0.png>
Package pdftex.def Info: raid0.png used on input line 175.
(pdftex.def)             Requested size: 186.32063pt x 143.41042pt.
 [9] <raid1.png, id=152, 199.49532pt x 320.69812pt>
File: raid1.png Graphic file (type png)

<use raid1.png>
Package pdftex.def Info: raid1.png used on input line 180.
(pdftex.def)             Requested size: 99.7474pt x 160.34866pt.
 <raid3.png, id=153, 291.33844pt x 333.49594pt>
File: raid3.png Graphic file (type png)
 <use raid3.png>
Package pdftex.def Info: raid3.png used on input line 182.
(pdftex.def)             Requested size: 145.66885pt x 166.74756pt.

[10 <./raid0.png> <./raid1.png>]
<raid5.png, id=158, 312.41719pt x 352.31625pt>
File: raid5.png Graphic file (type png)
 <use raid5.png>
Package pdftex.def Info: raid5.png used on input line 186.
(pdftex.def)             Requested size: 156.2082pt x 176.15768pt.
 [11 <./raid3.png> <./raid5.png>] <raid1+0.png, id=163, 341.77687pt x 316.18124
pt>
File: raid1+0.png Graphic file (type png)

<use raid1+0.png>
Package pdftex.def Info: raid1+0.png used on input line 192.
(pdftex.def)             Requested size: 170.88802pt x 158.09023pt.
 [12 <./raid1+0.png>]
Capitolo 3.

Underfull \hbox (badness 10000) in paragraph at lines 224--229

 []

[13

]
Capitolo 4.
[14

] [15]
Capitolo 5.
[16

] [17]
Capitolo 6.

Underfull \hbox (badness 10000) in paragraph at lines 342--358

 []

[18

] <tcpip.png, id=199, 1094.58937pt x 727.21687pt>
File: tcpip.png Graphic file (type png)
 <use tcpip.png>
Package pdftex.def Info: tcpip.png used on input line 358.
(pdftex.def)             Requested size: 273.64667pt x 181.80377pt.

<tcpip2.png, id=200, 528.47438pt x 375.65344pt>
File: tcpip2.png Graphic file (type png)
 <use tcpip2.png>
Package pdftex.def Info: tcpip2.png used on input line 359.
(pdftex.def)             Requested size: 264.23654pt x 187.82625pt.

Underfull \hbox (badness 10000) in paragraph at lines 373--374

 []

[19 <./tcpip.png> <./tcpip2.png>]
Underfull \hbox (badness 10000) in paragraph at lines 374--385

 []

<ipv4classi.png, id=206, 723.45282pt x 316.93407pt>
File: ipv4classi.png Graphic file (type png)
 <use ipv4classi.png>
Package pdftex.def Info: ipv4classi.png used on input line 403.
(pdftex.def)             Requested size: 361.72552pt x 158.46664pt.

Overfull \hbox (16.72552pt too wide) in paragraph at lines 403--404
 [] 
 []

[20]
LaTeX Font Info:    Font shape `OT1/cmtt/bx/n' in size <10> not available
(Font)              Font shape `OT1/cmtt/m/n' tried instead on input line 441.
 [21 <./ipv4classi.png>]
Underfull \hbox (badness 10000) in paragraph at lines 452--469

 []

<ipv4vsipv6.png, id=217, 514.17094pt x 361.35pt>
File: ipv4vsipv6.png Graphic file (type png)
 <use ipv4vsipv6.png>
Package pdftex.def Info: ipv4vsipv6.png used on input line 470.
(pdftex.def)             Requested size: 334.20715pt x 234.87471pt.
 [22]
[23 <./ipv4vsipv6.png>]
Capitolo 7.

Underfull \hbox (badness 10000) in paragraph at lines 498--505

 []

<strutturadir.png, id=229, 516.42938pt x 353.82187pt>
File: strutturadir.png Graphic file (type png)
 <use strutturadir.png>
Package pdftex.def Info: strutturadir.png used on input line 524.
(pdftex.def)             Requested size: 258.21405pt x 176.91049pt.

[24

] [25 <./strutturadir.png>] [26]
Underfull \hbox (badness 10000) in paragraph at lines 605--608

 []


Overfull \hbox (14.19986pt too wide) in paragraph at lines 609--627
| \OT1/cmtt/m/n/10 $ mount /dev/sdd1 on /media/pippo/FedoraWSLive2513 type iso9
660 
 []


Overfull \hbox (14.19986pt too wide) in paragraph at lines 609--627
| \OT1/cmtt/m/n/10 (ro,nosuid,nodev,relatime,uid=1000,gid=1000,iocharset=utf8,m
ode 
 []


Underfull \hbox (badness 10000) in paragraph at lines 609--627

 []

[27] [28]
Capitolo 8.

Underfull \hbox (badness 10000) in paragraph at lines 664--665

 []

[29

]
Underfull \hbox (badness 10000) in paragraph at lines 665--670

 []


Overfull \hbox (17.69415pt too wide) in paragraph at lines 681--686
\OT1/cmr/m/n/10 Su Ubun-tu e un po' di-ver-so: tro-va-te le op-zio-ni di de-fa
ult nel fi-le \OT1/cmtt/m/n/10 /etc/default/grub\OT1/cmr/m/n/10 .
 []


Underfull \hbox (badness 10000) in paragraph at lines 681--686

 []


Underfull \hbox (badness 10000) in paragraph at lines 695--702

 []

[30]
Overfull \hbox (3.69995pt too wide) in paragraph at lines 728--746
| \OT1/cmtt/m/n/10 # 2 Multiuser, without NFS (The same as 3, if you do not hav
e
 []

[31]
Underfull \hbox (badness 10000) in paragraph at lines 747--756

 []

[32] [33]
Capitolo 9.

Underfull \hbox (badness 10000) in paragraph at lines 795--800

 []

[34

]
Underfull \hbox (badness 10000) in paragraph at lines 837--852

 []

LaTeX Font Info:    Try loading font information for OMS+cmtt on input line 857
.
LaTeX Font Info:    No file OMScmtt.fd. on input line 857.

LaTeX Font Warning: Font shape `OMS/cmtt/m/n' undefined
(Font)              using `OMS/cmsy/m/n' instead
(Font)              for symbol `textbraceleft' on input line 857.

[35] [36]
Capitolo 10.

Underfull \hbox (badness 10000) in paragraph at lines 914--923

 []


Underfull \hbox (badness 10000) in paragraph at lines 931--934

 []


Underfull \hbox (badness 10000) in paragraph at lines 935--961

 []

[37

]
Underfull \hbox (badness 10000) in paragraph at lines 992--1001

 []

[38] [39]
Capitolo 11.

Overfull \hbox (4.7489pt too wide) in paragraph at lines 1023--1025
\OT1/cmr/m/n/10 Ci so-no pero del-le ec-ce-zio-ni, co-me i co-man-di \OT1/cmtt
/m/n/10 ipconfig, netsh, ping, tracert\OT1/cmr/m/n/10 . 
 []


Underfull \hbox (badness 10000) in paragraph at lines 1023--1025

 []

[40

]
Capitolo 12.

Underfull \hbox (badness 10000) in paragraph at lines 1027--1073

 []

[41

]
Underfull \hbox (badness 10000) in paragraph at lines 1073--1087

 []


Underfull \hbox (badness 10000) in paragraph at lines 1104--1107

 []


Underfull \hbox (badness 10000) in paragraph at lines 1107--1115

 []

[42]
Underfull \hbox (badness 10000) in paragraph at lines 1115--1131

 []


Overfull \hbox (5.13036pt too wide) in paragraph at lines 1149--1157
\OT1/cmr/m/n/10 Lato ser-ver le in-for-ma-zio-ni so-no sud-di-vi-se in zo-ne. Z
o-na <> sot-to-do-mi-nio/dominio.
 []


Underfull \hbox (badness 10000) in paragraph at lines 1149--1157

 []

<dns.png, id=334, 451.6875pt x 197.23688pt>
File: dns.png Graphic file (type png)
 <use dns.png>
Package pdftex.def Info: dns.png used on input line 1158.
(pdftex.def)             Requested size: 271.01459pt x 118.34302pt.
 [43]
Underfull \hbox (badness 10000) in paragraph at lines 1189--1196

 []

[44 <./dns.png>] [45]
Capitolo 13.

Underfull \hbox (badness 10000) in paragraph at lines 1199--1226

 []


Underfull \hbox (badness 10000) in paragraph at lines 1226--1241

 []

[46

]
Overfull \hbox (12.1374pt too wide) in paragraph at lines 1275--1277
[]\OT1/cmr/m/n/10 all'accesso ag-gior-na I fi-le \OT1/cmtt/m/n/10 utmp \OT1/cmr
/m/n/10 e \OT1/cmtt/m/n/10 wmtp\OT1/cmr/m/n/10 , fa par-ti-re una ses-sio-ne \O
T1/cmtt/m/n/10 sshagent\OT1/cmr/m/n/10 ...
 []


Overfull \hbox (10.99854pt too wide) in paragraph at lines 1275--1277
\OT1/cmr/m/n/10 item al-l'u-sci-ta ag-gior-na I fi-le \OT1/cmtt/m/n/10 utmp \OT
1/cmr/m/n/10 e \OT1/cmtt/m/n/10 wmtp \OT1/cmr/m/n/10 ter-mi-na la ses-sio-ne \O
T1/cmtt/m/n/10 sshagent\OT1/cmr/m/n/10 ... 
 []


Underfull \hbox (badness 10000) in paragraph at lines 1279--1291

 []


Underfull \hbox (badness 10000) in paragraph at lines 1292--1327

 []

[47] <dit.png, id=360, 722.7pt x 542.025pt>
File: dit.png Graphic file (type png)
 <use dit.png>
Package pdftex.def Info: dit.png used on input line 1328.
(pdftex.def)             Requested size: 361.3491pt x 271.01183pt.

Overfull \hbox (16.3491pt too wide) in paragraph at lines 1328--1329
 [] 
 []

[48]
Underfull \hbox (badness 10000) in paragraph at lines 1330--1339

 []


Underfull \hbox (badness 10000) in paragraph at lines 1340--1361

 []

[49 <./dit.png>] <kerberos.png, id=372, 480.29437pt x 400.49625pt>
File: kerberos.png Graphic file (type png)

<use kerberos.png>
Package pdftex.def Info: kerberos.png used on input line 1384.
(pdftex.def)             Requested size: 240.14659pt x 200.24763pt.
 [50 <./kerberos.png>] [51]
Capitolo 14.
[52

] <flussoposta.png, id=389, 639.89063pt x 451.6875pt>
File: flussoposta.png Graphic file (type png)
 <use flussoposta.png>
Package pdftex.def Info: flussoposta.png used on input line 1453.
(pdftex.def)             Requested size: 319.94452pt x 225.84319pt.

Underfull \hbox (badness 10000) in paragraph at lines 1462--1463

 []


Underfull \hbox (badness 10000) in paragraph at lines 1463--1464

 []

[53 <./flussoposta.png>] <confrontomta.png, id=397, 426.84468pt x 325.96782pt>
File: confrontomta.png Graphic file (type png)

<use confrontomta.png>
Package pdftex.def Info: confrontomta.png used on input line 1487.
(pdftex.def)             Requested size: 264.64096pt x 202.09795pt.
 [54]
Underfull \hbox (badness 10000) in paragraph at lines 1498--1499

 []


Underfull \hbox (badness 10000) in paragraph at lines 1500--1501

 []

[55 <./confrontomta.png>]
Underfull \hbox (badness 10000) in paragraph at lines 1512--1514

 []


Overfull \hbox (88.97835pt too wide) in paragraph at lines 1517--1522
\OT1/cmr/m/n/10 In post-fix si at-ti-va RBL al-la di-ret-ti-va \OT1/cmtt/m/n/10
 reject[]rbl[]client \OT1/cmr/m/n/10 al-la vo-ce \OT1/cmtt/m/n/10 smtpd[]recipi
ent[]restrictions\OT1/cmr/m/n/10 : 
 []

[56] [57] <esempioamavis.png, id=422, 626.34pt x 575.14874pt>
File: esempioamavis.png Graphic file (type png)

<use esempioamavis.png>
Package pdftex.def Info: esempioamavis.png used on input line 1579.
(pdftex.def)             Requested size: 313.16922pt x 287.57367pt.
 [58]
Overfull \hbox (29.94972pt too wide) in paragraph at lines 1582--1588
| \OT1/cmtt/m/n/10 #apt-get install dovecot dovecot-imapd dovecot-pop3d dovecot
-lmtpd 
 []


Underfull \hbox (badness 10000) in paragraph at lines 1582--1588

 []

<post1.png, id=428, 598.48593pt x 277.78781pt>
File: post1.png Graphic file (type png)
 <use post1.png>
Package pdftex.def Info: post1.png used on input line 1589.
(pdftex.def)             Requested size: 299.24223pt x 138.89355pt.

<post2.png, id=429, 637.63219pt x 352.31625pt>
File: post2.png Graphic file (type png)
 <use post2.png>
Package pdftex.def Info: post2.png used on input line 1590.
(pdftex.def)             Requested size: 318.8153pt x 176.15768pt.
 [59 <./esempioamavis.png> <./post1.png>] <post3.png, id=435, 626.34pt x 408.02
437pt>
File: post3.png Graphic file (type png)

<use post3.png>
Package pdftex.def Info: post3.png used on input line 1591.
(pdftex.def)             Requested size: 313.16922pt x 204.01169pt.
 [60 <./post2.png> <./post3.png>]
Capitolo 15.

Underfull \hbox (badness 10000) in paragraph at lines 1595--1596

 []

[61

] [62]
Overfull \hbox (64.7485pt too wide) in paragraph at lines 1645--1654
\OT1/cmr/m/n/10 Per la con-fi-gu-ra-zio-ne, edi-ta-re \OT1/cmtt/m/n/10 /etc/exp
orts\OT1/cmr/m/n/10 , che ha la sin-tas-si \OT1/cmtt/m/n/10 /percorso cartellac
ondivisa
 []


Overfull \hbox (42.75958pt too wide) in paragraph at lines 1645--1654
| \OT1/cmtt/m/n/10 /home 157.138.0.0/16 (rw,async,no[]subtree[]check,sec=krb5:k
rb5i:krb5p) 
 []


Underfull \hbox (badness 10000) in paragraph at lines 1645--1654

 []

<fsesempioconf.png, id=453, 598.48593pt x 250.68657pt>
File: fsesempioconf.png Graphic file (type png)
 <use fsesempioconf.png>
Package pdftex.def Info: fsesempioconf.png used on input line 1655.
(pdftex.def)             Requested size: 359.09433pt x 150.41309pt.

Overfull \hbox (14.09433pt too wide) in paragraph at lines 1655--1656
 [] 
 []

[63] <esdfs1.png, id=458, 585.68813pt x 292.09125pt>
File: esdfs1.png Graphic file (type png)
 <use esdfs1.png>
Package pdftex.def Info: esdfs1.png used on input line 1666.
(pdftex.def)             Requested size: 351.41559pt x 175.25609pt.

Overfull \hbox (6.41559pt too wide) in paragraph at lines 1666--1666
 [] 
 []

<esdfs2.png, id=459, 614.295pt x 310.15875pt>
File: esdfs2.png Graphic file (type png)
 <use esdfs2.png>
Package pdftex.def Info: esdfs2.png used on input line 1667.
(pdftex.def)             Requested size: 368.57983pt x 186.09668pt.

Overfull \hbox (23.57983pt too wide) in paragraph at lines 1667--1668
 [][] 
 []

[64 <./fsesempioconf.png> <./esdfs1.png>]
Underfull \hbox (badness 10000) in paragraph at lines 1669--1696

 []

[65 <./esdfs2.png>] <autofslab.png, id=472, 606.01407pt x 370.38374pt>
File: autofslab.png Graphic file (type png)

<use autofslab.png>
Package pdftex.def Info: autofslab.png used on input line 1697.
(pdftex.def)             Requested size: 363.61125pt x 222.23195pt.

Overfull \hbox (18.61125pt too wide) in paragraph at lines 1697--1698
 [] 
 []

[66 <./autofslab.png>]
Underfull \hbox (badness 10000) in paragraph at lines 1719--1732

 []

[67] [68]
Capitolo 16.
[69

] <diffusioneweb.png, id=493, 782.925pt x 451.6875pt>
File: diffusioneweb.png Graphic file (type png)

<use diffusioneweb.png>
Package pdftex.def Info: diffusioneweb.png used on input line 1750.
(pdftex.def)             Requested size: 391.46155pt x 225.84319pt.

Overfull \hbox (46.46155pt too wide) in paragraph at lines 1750--1751
 [] 
 []


Underfull \hbox (badness 10000) in paragraph at lines 1752--1756

 []

<core.png, id=494, 304.88907pt x 220.57407pt>
File: core.png Graphic file (type png)
 <use core.png>
Package pdftex.def Info: core.png used on input line 1757.
(pdftex.def)             Requested size: 213.42088pt x 154.40079pt.
 [70 <./diffusioneweb.png>]
Underfull \hbox (badness 10000) in paragraph at lines 1775--1776

 []


Overfull \hbox (33.46829pt too wide) in paragraph at lines 1776--1803
| \OT1/cmtt/m/n/10 Sanitaveneto A 157.138.20.11| \OT1/cmr/m/n/10 (in que-sto ca
-so bi-so-gna inserire| an-
 []


Overfull \hbox (21.65279pt too wide) in paragraph at lines 1776--1803
| | \OT1/cmtt/m/n/10 CustomLog /var/log/apache2/sanitaveneto.access.log combine
d 
 []

[71 <./core.png>] <comandiapache.png, id=505, 570.63188pt x 503.63156pt>
File: comandiapache.png Graphic file (type png)

<use comandiapache.png>
Package pdftex.def Info: comandiapache.png used on input line 1815.
(pdftex.def)             Requested size: 342.38177pt x 302.18126pt.
 [72]
Overfull \hbox (3.05515pt too wide) in paragraph at lines 1817--1821
\OT1/cmr/m/n/10 Esempi di ap-pli-ca-zio-ne di SSL/TLS so-no nei pro-to-col-li H
TTPS, SMTPS, POP3S,
 []


Underfull \hbox (badness 10000) in paragraph at lines 1817--1821

 []


Overfull \hbox (40.44963pt too wide) in paragraph at lines 1821--1862
| \OT1/cmtt/m/n/10 -keyout /etc/apache2/ssl/apache.key -out /etc/apache2/ssl/ap
ache.crt 
 []


Underfull \hbox (badness 10000) in paragraph at lines 1821--1862

 []


Overfull \hbox (15.35863pt too wide) in paragraph at lines 1821--1862
\OT1/cmr/m/n/10 A que-sto pun-to pun-tia-mo il ser-ver ver-so \OT1/cmtt/m/n/10 
https://myporta.mydomain/mypage.html
 []


Underfull \hbox (badness 10000) in paragraph at lines 1821--1862

 []

[73 <./comandiapache.png>] [74] [75]
Capitolo 17.

Underfull \hbox (badness 10000) in paragraph at lines 1894--1895

 []


Underfull \hbox (badness 10000) in paragraph at lines 1895--1896

 []

[76

]
Underfull \hbox (badness 10000) in paragraph at lines 1896--1897

 []


Underfull \hbox (badness 10000) in paragraph at lines 1897--1898

 []

[77]
Underfull \hbox (badness 10000) in paragraph at lines 1931--1932

 []

[78]
Capitolo 18.

Underfull \hbox (badness 10000) in paragraph at lines 1942--1943

 []


Overfull \hbox (46.6382pt too wide) in paragraph at lines 1943--1948
\OT1/cmr/m/n/10 ra-to uti-liz-zan-do un'in-ter-fac-cia web di-spo-ni-bi-le al-l
'in-di-riz-zo \OT1/cmtt/m/n/10 http://localhost:631/admin\OT1/cmr/m/n/10 ,
 []


Underfull \hbox (badness 10000) in paragraph at lines 1943--1948

 []

[79

]
Overfull \hbox (39.2474pt too wide) in paragraph at lines 1953--1954
\OT1/cmr/m/n/10 te tra-mi-te l'op-zio-ne \OT1/cmtt/m/n/10 -P \OT1/cmr/m/n/10 (p
er esem-pio, \OT1/cmtt/m/n/10 lpr -P stampante documento.estensione\OT1/cmr/m/n
/10 ). 
 []


Underfull \hbox (badness 10000) in paragraph at lines 1955--1956

 []

Package atveryend Info: Empty hook `BeforeClearDocument' on input line 1967.
[80]
Package atveryend Info: Empty hook `AfterLastShipout' on input line 1967.
 ("Appunti di LAS.aux")
Package atveryend Info: Executing hook `AtVeryEndDocument' on input line 1967.
Package atveryend Info: Executing hook `AtEndAfterFileList' on input line 1967.

Package rerunfilecheck Info: File `"Appunti di LAS".out' has not changed.
(rerunfilecheck)             Checksum: F02B8C3EBE5DDB65E541FB977862A2F7;953.


LaTeX Font Warning: Some font shapes were not available, defaults substituted.

Package atveryend Info: Empty hook `AtVeryVeryEnd' on input line 1967.
 ) 
Here is how much of TeX's memory you used:
 7495 strings out of 493334
 103960 string characters out of 3136663
 201593 words of memory out of 3000000
 10706 multiletter control sequences out of 15000+200000
 8632 words of font info for 37 fonts, out of 3000000 for 9000
 1141 hyphenation exceptions out of 8191
 29i,7n,26p,919b,476s stack positions out of 5000i,500n,10000p,200000b,50000s
<C:/Program Files (x86)/MiKTeX 2.9/fonts/type1/public/amsfonts/cm/cmbx10.pfb>
<C:/Program Files (x86)/MiKTeX 2.9/fonts/type1/public/amsfonts/cm/cmbx12.pfb><C
:/Program Files (x86)/MiKTeX 2.9/fonts/type1/public/amsfonts/cm/cmcsc10.pfb><C:
/Program Files (x86)/MiKTeX 2.9/fonts/type1/public/amsfonts/cm/cmr10.pfb><C:/Pr
ogram Files (x86)/MiKTeX 2.9/fonts/type1/public/amsfonts/cm/cmsy10.pfb><C:/Prog
ram Files (x86)/MiKTeX 2.9/fonts/type1/public/amsfonts/cm/cmtt10.pfb>
Output written on "Appunti di LAS.pdf" (80 pages, 2159109 bytes).
PDF statistics:
 619 PDF objects out of 1000 (max. 8388607)
 185 named destinations out of 1000 (max. 500000)
 285 words of extra memory for PDF output out of 10000 (max. 10000000)

